Script started on Thu 28 Feb 2013 10:15:51 AM CST
$ l[Kola3

Hello!
The purpose of this program is to take a given set of numbers
and, starting from index 0, find your way to the index that
contains the 0. However, you may only move to the left or right
the number of indexes shown in the index that you're on.
Good luck!

Puzzle 1
Index:  0	1	2	3	4	5	6	7	8	9	
Puzzle: 3	6	4	1	3	4	2	5	3	0	

Start at index 0
Move 3 places to the right to index 3
Move 1 places to the right to index 4
Move 3 places to the right to index 7
Move 5 places to the left to index 2
Move 4 places to the right to index 6
Move 2 places to the right to index 8
Move 3 places to the left to index 5
Move 4 places to the right to index 9
YOU'VE SOLVED PUZZLE 1!


Puzzle 2
Index:  0	1	2	3	4	
Puzzle: 3	1	2	3	0	

Start at index 0
Move 3 places to the right to index 3
Puzzle 2 cannot be not solved!


Puzzle 3
Index:  0	1	2	3	4	5	6	7	
Puzzle: 1	4	2	1	2	3	1	0	

Start at index 0
Move 1 places to the right to index 1
Move 4 places to the right to index 5
Move 3 places to the left to index 2
Move 2 places to the right to index 4
Move 2 places to the right to index 6
Move 1 places to the right to index 7
YOU'VE SOLVED PUZZLE 3!


Puzzle 4
Index:  0	1	2	3	4	5	6	7	8	
Puzzle: 7	3	2	2	2	2	2	2	0	

Start at index 0
Move 7 places to the right to index 7
Move 2 places to the left to index 5
Move 2 places to the left to index 3
Move 2 places to the left to index 1
Move 3 places to the right to index 4
Move 2 places to the right to index 6
Move 2 places to the right to index 8
YOU'VE SOLVED PUZZLE 4!


Puzzle 5
Index:  
Puzzle: 

Start at index 0
Puzzle 5 cannot be not solved!

$ exit
exit

Script done on Thu 28 Feb 2013 10:15:57 AM CST
